#-----------------------------------------------------------
# Vivado v2019.1 (64-bit)
# SW Build 2552052 on Fri May 24 14:49:42 MDT 2019
# IP Build 2548770 on Fri May 24 18:01:18 MDT 2019
# Start of session at: Fri Dec 10 14:24:25 2021
# Process ID: 13152
# Current directory: S:/Courses/EE365/FE
# Command line: vivado.exe -gui_launcher_event rodinguilauncherevent32580 S:\Courses\EE365\FE\final_exam.xpr
# Log file: S:/Courses/EE365/FE/vivado.log
# Journal file: S:/Courses/EE365/FE\vivado.jou
#-----------------------------------------------------------
start_gui
open_project S:/Courses/EE365/FE/final_exam.xpr
Scanning sources...
Finished scanning sources
INFO: [IP_Flow 19-234] Refreshing IP repositories
INFO: [IP_Flow 19-1700] Loaded user IP repository 's:/Courses/EE365/ip_repo/My_PWM_Core_1.1'.
INFO: [IP_Flow 19-2313] Loaded Vivado IP repository 'C:/Xilinx/Vivado/2019.1/data/ip'.
update_compile_order -fileset sources_1
file copy -force S:/Courses/EE365/FE/final_exam.runs/impl_1/design_1_wrapper.sysdef S:/Courses/EE365/FE/final_exam.sdk/design_1_wrapper.hdf

launch_sdk -workspace S:/Courses/EE365/FE/final_exam.sdk -hwspec S:/Courses/EE365/FE/final_exam.sdk/design_1_wrapper.hdf
INFO: [Vivado 12-393] Launching SDK...
INFO: [Vivado 12-417] Running xsdk -workspace S:/Courses/EE365/FE/final_exam.sdk -hwspec S:/Courses/EE365/FE/final_exam.sdk/design_1_wrapper.hdf
INFO: [Vivado 12-3157] SDK launch initiated. Please check console for any further messages.
open_bd_design {S:/Courses/EE365/FE/final_exam.srcs/sources_1/bd/design_1/design_1.bd}
Adding component instance block -- xilinx.com:user:My_PWM_Core:1.1 - My_PWM_Core_0
Adding component instance block -- xilinx.com:ip:processing_system7:5.5 - processing_system7_0
Adding component instance block -- xilinx.com:ip:axi_interconnect:2.1 - ps7_0_axi_periph
Adding component instance block -- xilinx.com:ip:axi_protocol_converter:2.1 - auto_pc
Adding component instance block -- xilinx.com:ip:proc_sys_reset:5.0 - rst_ps7_0_50M
Successfully read diagram <design_1> from BD file <S:/Courses/EE365/FE/final_exam.srcs/sources_1/bd/design_1/design_1.bd>
open_bd_design: Time (s): cpu = 00:00:06 ; elapsed = 00:00:06 . Memory (MB): peak = 882.762 ; gain = 70.160
startgroup
create_bd_cell -type ip -vlnv xilinx.com:ip:axi_gpio:2.0 axi_gpio_0
endgroup
set_property -dict [list CONFIG.C_GPIO_WIDTH {4} CONFIG.C_ALL_INPUTS {1}] [get_bd_cells axi_gpio_0]
startgroup
apply_bd_automation -rule xilinx.com:bd_rule:axi4 -config { Clk_master {/processing_system7_0/FCLK_CLK0 (50 MHz)} Clk_slave {Auto} Clk_xbar {/processing_system7_0/FCLK_CLK0 (50 MHz)} Master {/processing_system7_0/M_AXI_GP0} Slave {/axi_gpio_0/S_AXI} intc_ip {/ps7_0_axi_periph} master_apm {0}}  [get_bd_intf_pins axi_gpio_0/S_AXI]
Slave segment </axi_gpio_0/S_AXI/Reg> is being mapped into address space </processing_system7_0/Data> at <0x4120_0000 [ 64K ]>
apply_bd_automation -rule xilinx.com:bd_rule:board -config { Board_Interface {btns_2bits ( 2 Buttons ) } Manual_Source {Auto}}  [get_bd_intf_pins axi_gpio_0/GPIO]
INFO: [board_rule 100-100] set_property CONFIG.USE_BOARD_FLOW true [get_bd_cells /axi_gpio_0]
INFO: [board_rule 100-100] set_property CONFIG.GPIO_BOARD_INTERFACE btns_2bits [get_bd_cells /axi_gpio_0]
WARNING: [Board 49-26] cannot add Board Part digilentinc.com:genesys2:part0:1.1 available at C:/Xilinx/Vivado/2019.1/data/boards/board_files/genesys2/H/board.xml as part xc7k325tffg900-2 specified in board_part file is either invalid or not available
WARNING: [Board 49-26] cannot add Board Part digilentinc.com:gzu_3eg:part0:1.0 available at C:/Xilinx/Vivado/2019.1/data/boards/board_files/genesys-zu-3eg/B.0/board.xml as part xczu3eg-sfvc784-1-e specified in board_part file is either invalid or not available
WARNING: [Board 49-26] cannot add Board Part digilentinc.com:gzu_3eg:part0:1.1 available at C:/Xilinx/Vivado/2019.1/data/boards/board_files/genesys-zu-3eg/D.0/board.xml as part xczu3eg-sfvc784-1-e specified in board_part file is either invalid or not available
WARNING: [Board 49-26] cannot add Board Part digilentinc.com:gzu_5ev:part0:1.0 available at C:/Xilinx/Vivado/2019.1/data/boards/board_files/genesys-zu-5ev/C.0/board.xml as part xczu5ev-sfvc784-1-e specified in board_part file is either invalid or not available
WARNING: [Board 49-26] cannot add Board Part digilentinc.com:sword:part0:1.0 available at C:/Xilinx/Vivado/2019.1/data/boards/board_files/sword/C.0/board.xml as part xc7k325tffg900-2 specified in board_part file is either invalid or not available
WARNING: [Board 49-26] cannot add Board Part digilentinc.com:genesys2:part0:1.1 available at C:/Xilinx/Vivado/2019.1/data/boards/board_files/genesys2/H/board.xml as part xc7k325tffg900-2 specified in board_part file is either invalid or not available
WARNING: [Board 49-26] cannot add Board Part digilentinc.com:gzu_3eg:part0:1.0 available at C:/Xilinx/Vivado/2019.1/data/boards/board_files/genesys-zu-3eg/B.0/board.xml as part xczu3eg-sfvc784-1-e specified in board_part file is either invalid or not available
WARNING: [Board 49-26] cannot add Board Part digilentinc.com:gzu_3eg:part0:1.1 available at C:/Xilinx/Vivado/2019.1/data/boards/board_files/genesys-zu-3eg/D.0/board.xml as part xczu3eg-sfvc784-1-e specified in board_part file is either invalid or not available
WARNING: [Board 49-26] cannot add Board Part digilentinc.com:gzu_5ev:part0:1.0 available at C:/Xilinx/Vivado/2019.1/data/boards/board_files/genesys-zu-5ev/C.0/board.xml as part xczu5ev-sfvc784-1-e specified in board_part file is either invalid or not available
WARNING: [Board 49-26] cannot add Board Part digilentinc.com:sword:part0:1.0 available at C:/Xilinx/Vivado/2019.1/data/boards/board_files/sword/C.0/board.xml as part xc7k325tffg900-2 specified in board_part file is either invalid or not available
WARNING: [Board 49-26] cannot add Board Part digilentinc.com:genesys2:part0:1.1 available at C:/Xilinx/Vivado/2019.1/data/boards/board_files/genesys2/H/board.xml as part xc7k325tffg900-2 specified in board_part file is either invalid or not available
WARNING: [Board 49-26] cannot add Board Part digilentinc.com:gzu_3eg:part0:1.0 available at C:/Xilinx/Vivado/2019.1/data/boards/board_files/genesys-zu-3eg/B.0/board.xml as part xczu3eg-sfvc784-1-e specified in board_part file is either invalid or not available
WARNING: [Board 49-26] cannot add Board Part digilentinc.com:gzu_3eg:part0:1.1 available at C:/Xilinx/Vivado/2019.1/data/boards/board_files/genesys-zu-3eg/D.0/board.xml as part xczu3eg-sfvc784-1-e specified in board_part file is either invalid or not available
WARNING: [Board 49-26] cannot add Board Part digilentinc.com:gzu_5ev:part0:1.0 available at C:/Xilinx/Vivado/2019.1/data/boards/board_files/genesys-zu-5ev/C.0/board.xml as part xczu5ev-sfvc784-1-e specified in board_part file is either invalid or not available
WARNING: [Board 49-26] cannot add Board Part digilentinc.com:sword:part0:1.0 available at C:/Xilinx/Vivado/2019.1/data/boards/board_files/sword/C.0/board.xml as part xc7k325tffg900-2 specified in board_part file is either invalid or not available
WARNING: [Board 49-26] cannot add Board Part digilentinc.com:genesys2:part0:1.1 available at C:/Xilinx/Vivado/2019.1/data/boards/board_files/genesys2/H/board.xml as part xc7k325tffg900-2 specified in board_part file is either invalid or not available
WARNING: [Board 49-26] cannot add Board Part digilentinc.com:gzu_3eg:part0:1.0 available at C:/Xilinx/Vivado/2019.1/data/boards/board_files/genesys-zu-3eg/B.0/board.xml as part xczu3eg-sfvc784-1-e specified in board_part file is either invalid or not available
WARNING: [Board 49-26] cannot add Board Part digilentinc.com:gzu_3eg:part0:1.1 available at C:/Xilinx/Vivado/2019.1/data/boards/board_files/genesys-zu-3eg/D.0/board.xml as part xczu3eg-sfvc784-1-e specified in board_part file is either invalid or not available
WARNING: [Board 49-26] cannot add Board Part digilentinc.com:gzu_5ev:part0:1.0 available at C:/Xilinx/Vivado/2019.1/data/boards/board_files/genesys-zu-5ev/C.0/board.xml as part xczu5ev-sfvc784-1-e specified in board_part file is either invalid or not available
WARNING: [Board 49-26] cannot add Board Part digilentinc.com:sword:part0:1.0 available at C:/Xilinx/Vivado/2019.1/data/boards/board_files/sword/C.0/board.xml as part xc7k325tffg900-2 specified in board_part file is either invalid or not available
WARNING: [Board 49-26] cannot add Board Part digilentinc.com:genesys2:part0:1.1 available at C:/Xilinx/Vivado/2019.1/data/boards/board_files/genesys2/H/board.xml as part xc7k325tffg900-2 specified in board_part file is either invalid or not available
WARNING: [Board 49-26] cannot add Board Part digilentinc.com:gzu_3eg:part0:1.0 available at C:/Xilinx/Vivado/2019.1/data/boards/board_files/genesys-zu-3eg/B.0/board.xml as part xczu3eg-sfvc784-1-e specified in board_part file is either invalid or not available
WARNING: [Board 49-26] cannot add Board Part digilentinc.com:gzu_3eg:part0:1.1 available at C:/Xilinx/Vivado/2019.1/data/boards/board_files/genesys-zu-3eg/D.0/board.xml as part xczu3eg-sfvc784-1-e specified in board_part file is either invalid or not available
WARNING: [Board 49-26] cannot add Board Part digilentinc.com:gzu_5ev:part0:1.0 available at C:/Xilinx/Vivado/2019.1/data/boards/board_files/genesys-zu-5ev/C.0/board.xml as part xczu5ev-sfvc784-1-e specified in board_part file is either invalid or not available
WARNING: [Board 49-26] cannot add Board Part digilentinc.com:sword:part0:1.0 available at C:/Xilinx/Vivado/2019.1/data/boards/board_files/sword/C.0/board.xml as part xc7k325tffg900-2 specified in board_part file is either invalid or not available
WARNING: [Board 49-26] cannot add Board Part digilentinc.com:genesys2:part0:1.1 available at C:/Xilinx/Vivado/2019.1/data/boards/board_files/genesys2/H/board.xml as part xc7k325tffg900-2 specified in board_part file is either invalid or not available
WARNING: [Board 49-26] cannot add Board Part digilentinc.com:gzu_3eg:part0:1.0 available at C:/Xilinx/Vivado/2019.1/data/boards/board_files/genesys-zu-3eg/B.0/board.xml as part xczu3eg-sfvc784-1-e specified in board_part file is either invalid or not available
WARNING: [Board 49-26] cannot add Board Part digilentinc.com:gzu_3eg:part0:1.1 available at C:/Xilinx/Vivado/2019.1/data/boards/board_files/genesys-zu-3eg/D.0/board.xml as part xczu3eg-sfvc784-1-e specified in board_part file is either invalid or not available
WARNING: [Board 49-26] cannot add Board Part digilentinc.com:gzu_5ev:part0:1.0 available at C:/Xilinx/Vivado/2019.1/data/boards/board_files/genesys-zu-5ev/C.0/board.xml as part xczu5ev-sfvc784-1-e specified in board_part file is either invalid or not available
WARNING: [Board 49-26] cannot add Board Part digilentinc.com:sword:part0:1.0 available at C:/Xilinx/Vivado/2019.1/data/boards/board_files/sword/C.0/board.xml as part xc7k325tffg900-2 specified in board_part file is either invalid or not available
WARNING: [Board 49-26] cannot add Board Part digilentinc.com:genesys2:part0:1.1 available at C:/Xilinx/Vivado/2019.1/data/boards/board_files/genesys2/H/board.xml as part xc7k325tffg900-2 specified in board_part file is either invalid or not available
WARNING: [Board 49-26] cannot add Board Part digilentinc.com:gzu_3eg:part0:1.0 available at C:/Xilinx/Vivado/2019.1/data/boards/board_files/genesys-zu-3eg/B.0/board.xml as part xczu3eg-sfvc784-1-e specified in board_part file is either invalid or not available
WARNING: [Board 49-26] cannot add Board Part digilentinc.com:gzu_3eg:part0:1.1 available at C:/Xilinx/Vivado/2019.1/data/boards/board_files/genesys-zu-3eg/D.0/board.xml as part xczu3eg-sfvc784-1-e specified in board_part file is either invalid or not available
WARNING: [Board 49-26] cannot add Board Part digilentinc.com:gzu_5ev:part0:1.0 available at C:/Xilinx/Vivado/2019.1/data/boards/board_files/genesys-zu-5ev/C.0/board.xml as part xczu5ev-sfvc784-1-e specified in board_part file is either invalid or not available
WARNING: [Board 49-26] cannot add Board Part digilentinc.com:sword:part0:1.0 available at C:/Xilinx/Vivado/2019.1/data/boards/board_files/sword/C.0/board.xml as part xc7k325tffg900-2 specified in board_part file is either invalid or not available
WARNING: [Board 49-26] cannot add Board Part digilentinc.com:genesys2:part0:1.1 available at C:/Xilinx/Vivado/2019.1/data/boards/board_files/genesys2/H/board.xml as part xc7k325tffg900-2 specified in board_part file is either invalid or not available
WARNING: [Board 49-26] cannot add Board Part digilentinc.com:gzu_3eg:part0:1.0 available at C:/Xilinx/Vivado/2019.1/data/boards/board_files/genesys-zu-3eg/B.0/board.xml as part xczu3eg-sfvc784-1-e specified in board_part file is either invalid or not available
WARNING: [Board 49-26] cannot add Board Part digilentinc.com:gzu_3eg:part0:1.1 available at C:/Xilinx/Vivado/2019.1/data/boards/board_files/genesys-zu-3eg/D.0/board.xml as part xczu3eg-sfvc784-1-e specified in board_part file is either invalid or not available
WARNING: [Board 49-26] cannot add Board Part digilentinc.com:gzu_5ev:part0:1.0 available at C:/Xilinx/Vivado/2019.1/data/boards/board_files/genesys-zu-5ev/C.0/board.xml as part xczu5ev-sfvc784-1-e specified in board_part file is either invalid or not available
WARNING: [Board 49-26] cannot add Board Part digilentinc.com:sword:part0:1.0 available at C:/Xilinx/Vivado/2019.1/data/boards/board_files/sword/C.0/board.xml as part xc7k325tffg900-2 specified in board_part file is either invalid or not available
WARNING: [Board 49-26] cannot add Board Part digilentinc.com:genesys2:part0:1.1 available at C:/Xilinx/Vivado/2019.1/data/boards/board_files/genesys2/H/board.xml as part xc7k325tffg900-2 specified in board_part file is either invalid or not available
WARNING: [Board 49-26] cannot add Board Part digilentinc.com:gzu_3eg:part0:1.0 available at C:/Xilinx/Vivado/2019.1/data/boards/board_files/genesys-zu-3eg/B.0/board.xml as part xczu3eg-sfvc784-1-e specified in board_part file is either invalid or not available
WARNING: [Board 49-26] cannot add Board Part digilentinc.com:gzu_3eg:part0:1.1 available at C:/Xilinx/Vivado/2019.1/data/boards/board_files/genesys-zu-3eg/D.0/board.xml as part xczu3eg-sfvc784-1-e specified in board_part file is either invalid or not available
WARNING: [Board 49-26] cannot add Board Part digilentinc.com:gzu_5ev:part0:1.0 available at C:/Xilinx/Vivado/2019.1/data/boards/board_files/genesys-zu-5ev/C.0/board.xml as part xczu5ev-sfvc784-1-e specified in board_part file is either invalid or not available
WARNING: [Board 49-26] cannot add Board Part digilentinc.com:sword:part0:1.0 available at C:/Xilinx/Vivado/2019.1/data/boards/board_files/sword/C.0/board.xml as part xc7k325tffg900-2 specified in board_part file is either invalid or not available
WARNING: [Board 49-26] cannot add Board Part digilentinc.com:genesys2:part0:1.1 available at C:/Xilinx/Vivado/2019.1/data/boards/board_files/genesys2/H/board.xml as part xc7k325tffg900-2 specified in board_part file is either invalid or not available
WARNING: [Board 49-26] cannot add Board Part digilentinc.com:gzu_3eg:part0:1.0 available at C:/Xilinx/Vivado/2019.1/data/boards/board_files/genesys-zu-3eg/B.0/board.xml as part xczu3eg-sfvc784-1-e specified in board_part file is either invalid or not available
WARNING: [Board 49-26] cannot add Board Part digilentinc.com:gzu_3eg:part0:1.1 available at C:/Xilinx/Vivado/2019.1/data/boards/board_files/genesys-zu-3eg/D.0/board.xml as part xczu3eg-sfvc784-1-e specified in board_part file is either invalid or not available
WARNING: [Board 49-26] cannot add Board Part digilentinc.com:gzu_5ev:part0:1.0 available at C:/Xilinx/Vivado/2019.1/data/boards/board_files/genesys-zu-5ev/C.0/board.xml as part xczu5ev-sfvc784-1-e specified in board_part file is either invalid or not available
WARNING: [Board 49-26] cannot add Board Part digilentinc.com:sword:part0:1.0 available at C:/Xilinx/Vivado/2019.1/data/boards/board_files/sword/C.0/board.xml as part xc7k325tffg900-2 specified in board_part file is either invalid or not available
WARNING: [Board 49-26] cannot add Board Part digilentinc.com:genesys2:part0:1.1 available at C:/Xilinx/Vivado/2019.1/data/boards/board_files/genesys2/H/board.xml as part xc7k325tffg900-2 specified in board_part file is either invalid or not available
WARNING: [Board 49-26] cannot add Board Part digilentinc.com:gzu_3eg:part0:1.0 available at C:/Xilinx/Vivado/2019.1/data/boards/board_files/genesys-zu-3eg/B.0/board.xml as part xczu3eg-sfvc784-1-e specified in board_part file is either invalid or not available
WARNING: [Board 49-26] cannot add Board Part digilentinc.com:gzu_3eg:part0:1.1 available at C:/Xilinx/Vivado/2019.1/data/boards/board_files/genesys-zu-3eg/D.0/board.xml as part xczu3eg-sfvc784-1-e specified in board_part file is either invalid or not available
WARNING: [Board 49-26] cannot add Board Part digilentinc.com:gzu_5ev:part0:1.0 available at C:/Xilinx/Vivado/2019.1/data/boards/board_files/genesys-zu-5ev/C.0/board.xml as part xczu5ev-sfvc784-1-e specified in board_part file is either invalid or not available
WARNING: [Board 49-26] cannot add Board Part digilentinc.com:sword:part0:1.0 available at C:/Xilinx/Vivado/2019.1/data/boards/board_files/sword/C.0/board.xml as part xc7k325tffg900-2 specified in board_part file is either invalid or not available
WARNING: [Board 49-26] cannot add Board Part digilentinc.com:genesys2:part0:1.1 available at C:/Xilinx/Vivado/2019.1/data/boards/board_files/genesys2/H/board.xml as part xc7k325tffg900-2 specified in board_part file is either invalid or not available
WARNING: [Board 49-26] cannot add Board Part digilentinc.com:gzu_3eg:part0:1.0 available at C:/Xilinx/Vivado/2019.1/data/boards/board_files/genesys-zu-3eg/B.0/board.xml as part xczu3eg-sfvc784-1-e specified in board_part file is either invalid or not available
WARNING: [Board 49-26] cannot add Board Part digilentinc.com:gzu_3eg:part0:1.1 available at C:/Xilinx/Vivado/2019.1/data/boards/board_files/genesys-zu-3eg/D.0/board.xml as part xczu3eg-sfvc784-1-e specified in board_part file is either invalid or not available
WARNING: [Board 49-26] cannot add Board Part digilentinc.com:gzu_5ev:part0:1.0 available at C:/Xilinx/Vivado/2019.1/data/boards/board_files/genesys-zu-5ev/C.0/board.xml as part xczu5ev-sfvc784-1-e specified in board_part file is either invalid or not available
WARNING: [Board 49-26] cannot add Board Part digilentinc.com:sword:part0:1.0 available at C:/Xilinx/Vivado/2019.1/data/boards/board_files/sword/C.0/board.xml as part xc7k325tffg900-2 specified in board_part file is either invalid or not available
WARNING: [Board 49-26] cannot add Board Part digilentinc.com:genesys2:part0:1.1 available at C:/Xilinx/Vivado/2019.1/data/boards/board_files/genesys2/H/board.xml as part xc7k325tffg900-2 specified in board_part file is either invalid or not available
WARNING: [Board 49-26] cannot add Board Part digilentinc.com:gzu_3eg:part0:1.0 available at C:/Xilinx/Vivado/2019.1/data/boards/board_files/genesys-zu-3eg/B.0/board.xml as part xczu3eg-sfvc784-1-e specified in board_part file is either invalid or not available
WARNING: [Board 49-26] cannot add Board Part digilentinc.com:gzu_3eg:part0:1.1 available at C:/Xilinx/Vivado/2019.1/data/boards/board_files/genesys-zu-3eg/D.0/board.xml as part xczu3eg-sfvc784-1-e specified in board_part file is either invalid or not available
WARNING: [Board 49-26] cannot add Board Part digilentinc.com:gzu_5ev:part0:1.0 available at C:/Xilinx/Vivado/2019.1/data/boards/board_files/genesys-zu-5ev/C.0/board.xml as part xczu5ev-sfvc784-1-e specified in board_part file is either invalid or not available
WARNING: [Board 49-26] cannot add Board Part digilentinc.com:sword:part0:1.0 available at C:/Xilinx/Vivado/2019.1/data/boards/board_files/sword/C.0/board.xml as part xc7k325tffg900-2 specified in board_part file is either invalid or not available
WARNING: [Board 49-26] cannot add Board Part digilentinc.com:genesys2:part0:1.1 available at C:/Xilinx/Vivado/2019.1/data/boards/board_files/genesys2/H/board.xml as part xc7k325tffg900-2 specified in board_part file is either invalid or not available
WARNING: [Board 49-26] cannot add Board Part digilentinc.com:gzu_3eg:part0:1.0 available at C:/Xilinx/Vivado/2019.1/data/boards/board_files/genesys-zu-3eg/B.0/board.xml as part xczu3eg-sfvc784-1-e specified in board_part file is either invalid or not available
WARNING: [Board 49-26] cannot add Board Part digilentinc.com:gzu_3eg:part0:1.1 available at C:/Xilinx/Vivado/2019.1/data/boards/board_files/genesys-zu-3eg/D.0/board.xml as part xczu3eg-sfvc784-1-e specified in board_part file is either invalid or not available
WARNING: [Board 49-26] cannot add Board Part digilentinc.com:gzu_5ev:part0:1.0 available at C:/Xilinx/Vivado/2019.1/data/boards/board_files/genesys-zu-5ev/C.0/board.xml as part xczu5ev-sfvc784-1-e specified in board_part file is either invalid or not available
WARNING: [Board 49-26] cannot add Board Part digilentinc.com:sword:part0:1.0 available at C:/Xilinx/Vivado/2019.1/data/boards/board_files/sword/C.0/board.xml as part xc7k325tffg900-2 specified in board_part file is either invalid or not available
INFO: [board_rule 100-100] create_bd_intf_port -mode Master -vlnv xilinx.com:interface:gpio_rtl:1.0 btns_2bits
INFO: [board_rule 100-100] connect_bd_intf_net /btns_2bits /axi_gpio_0/GPIO
endgroup
regenerate_bd_layout
undo
INFO: [Common 17-17] undo 'regenerate_bd_layout'
regenerate_bd_layout
save_bd_design
Wrote  : <S:\Courses\EE365\FE\final_exam.srcs\sources_1\bd\design_1\design_1.bd> 
Wrote  : <S:/Courses/EE365/FE/final_exam.srcs/sources_1/bd/design_1/ui/bd_1f5defd0.ui> 
validate_bd_design
startgroup
set_property -dict [list CONFIG.C_GPIO_WIDTH {4} CONFIG.C_IS_DUAL {0} CONFIG.GPIO_BOARD_INTERFACE {Custom}] [get_bd_cells axi_gpio_0]
endgroup
delete_bd_objs [get_bd_intf_nets axi_gpio_0_GPIO] [get_bd_intf_ports btns_2bits]
undo
INFO: [Common 17-17] undo 'delete_bd_objs [get_bd_intf_nets axi_gpio_0_GPIO] [get_bd_intf_ports btns_2bits]'
delete_bd_objs [get_bd_intf_nets axi_gpio_0_GPIO] [get_bd_intf_ports btns_2bits]
startgroup
endgroup
startgroup
create_bd_intf_port -mode Master -vlnv xilinx.com:interface:gpio_rtl:1.0 GPIO
connect_bd_intf_net [get_bd_intf_pins axi_gpio_0/GPIO] [get_bd_intf_ports GPIO]
endgroup
delete_bd_objs [get_bd_intf_nets axi_gpio_0_GPIO] [get_bd_intf_ports GPIO]
startgroup
endgroup
save_bd_design
Wrote  : <S:\Courses\EE365\FE\final_exam.srcs\sources_1\bd\design_1\design_1.bd> 
Wrote  : <S:/Courses/EE365/FE/final_exam.srcs/sources_1/bd/design_1/ui/bd_1f5defd0.ui> 
startgroup
create_bd_port -dir I -from 3 -to 0 BTN
connect_bd_net [get_bd_pins /axi_gpio_0/gpio_io_i] [get_bd_ports BTN]
WARNING: [BD 41-1306] The connection to interface pin /axi_gpio_0/gpio_io_i is being overridden by the user. This pin will not be connected as a part of interface connection GPIO
endgroup
regenerate_bd_layout
regenerate_bd_layout
set_property location {1185 238} [get_bd_ports BTN]
regenerate_bd_layout
save_bd_design
Wrote  : <S:\Courses\EE365\FE\final_exam.srcs\sources_1\bd\design_1\design_1.bd> 
Wrote  : <S:/Courses/EE365/FE/final_exam.srcs/sources_1/bd/design_1/ui/bd_1f5defd0.ui> 
validate_bd_design
save_bd_design
Wrote  : <S:\Courses\EE365\FE\final_exam.srcs\sources_1\bd\design_1\design_1.bd> 
Wrote  : <S:/Courses/EE365/FE/final_exam.srcs/sources_1/bd/design_1/ui/bd_1f5defd0.ui> 
reset_run synth_1
launch_runs impl_1 -to_step write_bitstream
INFO: [BD 41-1662] The design 'design_1.bd' is already validated. Therefore parameter propagation will not be re-run.
VHDL Output written to : S:/Courses/EE365/FE/final_exam.srcs/sources_1/bd/design_1/synth/design_1.v
VHDL Output written to : S:/Courses/EE365/FE/final_exam.srcs/sources_1/bd/design_1/sim/design_1.v
VHDL Output written to : S:/Courses/EE365/FE/final_exam.srcs/sources_1/bd/design_1/hdl/design_1_wrapper.v
INFO: [BD 41-1029] Generation completed for the IP Integrator block My_PWM_Core_0 .
INFO: [BD 41-1029] Generation completed for the IP Integrator block processing_system7_0 .
INFO: [BD 41-1029] Generation completed for the IP Integrator block rst_ps7_0_50M .
INFO: [BD 41-1029] Generation completed for the IP Integrator block ps7_0_axi_periph/xbar .
INFO: [BD 41-1029] Generation completed for the IP Integrator block axi_gpio_0 .
WARNING: [IP_Flow 19-4994] Overwriting existing constraint file 's:/Courses/EE365/FE/final_exam.srcs/sources_1/bd/design_1/ip/design_1_auto_pc_0/design_1_auto_pc_0_ooc.xdc'
INFO: [BD 41-1029] Generation completed for the IP Integrator block ps7_0_axi_periph/s00_couplers/auto_pc .
Exporting to file S:/Courses/EE365/FE/final_exam.srcs/sources_1/bd/design_1/hw_handoff/design_1.hwh
Generated Block Design Tcl file S:/Courses/EE365/FE/final_exam.srcs/sources_1/bd/design_1/hw_handoff/design_1_bd.tcl
Generated Hardware Definition File S:/Courses/EE365/FE/final_exam.srcs/sources_1/bd/design_1/synth/design_1.hwdef
INFO: [IP_Flow 19-4993] Using cached IP synthesis design for IP design_1_auto_pc_0, cache-ID = 903b1ca23cb876ff; cache size = 2.154 MB.
[Fri Dec 10 15:08:30 2021] Launched design_1_axi_gpio_0_0_synth_1, design_1_xbar_0_synth_1, synth_1...
Run output will be captured here:
design_1_axi_gpio_0_0_synth_1: S:/Courses/EE365/FE/final_exam.runs/design_1_axi_gpio_0_0_synth_1/runme.log
design_1_xbar_0_synth_1: S:/Courses/EE365/FE/final_exam.runs/design_1_xbar_0_synth_1/runme.log
synth_1: S:/Courses/EE365/FE/final_exam.runs/synth_1/runme.log
[Fri Dec 10 15:08:30 2021] Launched impl_1...
Run output will be captured here: S:/Courses/EE365/FE/final_exam.runs/impl_1/runme.log
launch_runs: Time (s): cpu = 00:00:05 ; elapsed = 00:00:31 . Memory (MB): peak = 1185.332 ; gain = 143.266
file copy -force S:/Courses/EE365/FE/final_exam.runs/impl_1/design_1_wrapper.sysdef S:/Courses/EE365/FE/final_exam.sdk/design_1_wrapper.hdf

reset_run synth_1
launch_runs impl_1 -to_step write_bitstream
[Fri Dec 10 16:40:08 2021] Launched synth_1...
Run output will be captured here: S:/Courses/EE365/FE/final_exam.runs/synth_1/runme.log
[Fri Dec 10 16:40:08 2021] Launched impl_1...
Run output will be captured here: S:/Courses/EE365/FE/final_exam.runs/impl_1/runme.log
launch_runs: Time (s): cpu = 00:00:00 ; elapsed = 00:00:18 . Memory (MB): peak = 1209.359 ; gain = 0.000
open_hw
file copy -force S:/Courses/EE365/FE/final_exam.runs/impl_1/design_1_wrapper.sysdef S:/Courses/EE365/FE/final_exam.sdk/design_1_wrapper.hdf

reset_run synth_1
launch_runs impl_1 -to_step write_bitstream
[Fri Dec 10 17:29:40 2021] Launched synth_1...
Run output will be captured here: S:/Courses/EE365/FE/final_exam.runs/synth_1/runme.log
[Fri Dec 10 17:29:40 2021] Launched impl_1...
Run output will be captured here: S:/Courses/EE365/FE/final_exam.runs/impl_1/runme.log
launch_runs: Time (s): cpu = 00:00:00 ; elapsed = 00:00:18 . Memory (MB): peak = 1209.359 ; gain = 0.000
connect_hw_server
INFO: [Labtools 27-2285] Connecting to hw_server url TCP:localhost:3121
INFO: [Labtools 27-2222] Launching hw_server...
INFO: [Labtools 27-2221] Launch Output:

****** Xilinx hw_server v2019.1
  **** Build date : May 24 2019 at 15:13:31
    ** Copyright 1986-2019 Xilinx, Inc. All Rights Reserved.


open_hw_target
INFO: [Labtoolstcl 44-466] Opening hw_target localhost:3121/xilinx_tcf/Digilent/210370AFD0F1A
open_hw_target: Time (s): cpu = 00:00:03 ; elapsed = 00:00:05 . Memory (MB): peak = 2324.137 ; gain = 1114.777
set_property PROGRAM.FILE {S:/Courses/EE365/FE/final_exam.runs/impl_1/design_1_wrapper.bit} [get_hw_devices xc7z007s_1]
current_hw_device [get_hw_devices xc7z007s_1]
refresh_hw_device -update_hw_probes false [lindex [get_hw_devices xc7z007s_1] 0]
INFO: [Labtools 27-1434] Device xc7z007s (JTAG device index = 1) is programmed with a design that has no supported debug core(s) in it.
file copy -force S:/Courses/EE365/FE/final_exam.runs/impl_1/design_1_wrapper.sysdef S:/Courses/EE365/FE/final_exam.sdk/design_1_wrapper.hdf

